<?xml version="1.0" encoding="UTF-8"?>
<!-- Generated by org.testng.reporters.JUnitReportReporter -->
<testsuite hostname="BharatPC" name="com.nlscinc.javapractise2.FBMavenProject.FbTest" tests="4" failures="0" timestamp="2 Aug 2016 02:50:30 GMT" time="0.041" errors="0">
  <testcase name="signup" time="0.031" classname="com.nlscinc.javapractise2.FBMavenProject.FbTest"/>
  <testcase name="newsfeedpage" time="0.002" classname="com.nlscinc.javapractise2.FBMavenProject.FbTest"/>
  <testcase name="signout" time="0.007" classname="com.nlscinc.javapractise2.FBMavenProject.FbTest"/>
  <testcase name="signin" time="0.001" classname="com.nlscinc.javapractise2.FBMavenProject.FbTest"/>
</testsuite> <!-- com.nlscinc.javapractise2.FBMavenProject.FbTest -->
